<?xml version="1.0" encoding="UTF-8"?>
<testng-results skipped="0" failed="0" ignored="0" total="1" passed="1">
  <reporter-output>
  </reporter-output>
  <suite name="Default suite" duration-ms="6151" started-at="2021-03-12T14:20:10 IST" finished-at="2021-03-12T14:20:16 IST">
    <groups>
    </groups>
    <test name="Default test" duration-ms="6151" started-at="2021-03-12T14:20:10 IST" finished-at="2021-03-12T14:20:16 IST">
      <class name="request.DeleteBookOrder">
        <test-method status="PASS" signature="DelBookOder()[pri:0, instance:request.DeleteBookOrder@1e8284b]" name="DelBookOder" duration-ms="6045" started-at="2021-03-12T14:20:10 IST" finished-at="2021-03-12T14:20:16 IST">
          <reporter-output>
          </reporter-output>
        </test-method> <!-- DelBookOder -->
      </class> <!-- request.DeleteBookOrder -->
    </test> <!-- Default test -->
  </suite> <!-- Default suite -->
</testng-results>
