<?xml version="1.0" encoding="UTF-8"?>
<testng-results skipped="0" failed="0" ignored="0" total="1" passed="1">
  <reporter-output>
  </reporter-output>
  <suite name="Default suite" duration-ms="6246" started-at="2021-03-12T09:35:25 IST" finished-at="2021-03-12T09:35:31 IST">
    <groups>
    </groups>
    <test name="Default test" duration-ms="6246" started-at="2021-03-12T09:35:25 IST" finished-at="2021-03-12T09:35:31 IST">
      <class name="request.Get_Request">
        <test-method status="PASS" signature="Get_ListofBooks()[pri:0, instance:request.Get_Request@1e8284b]" name="Get_ListofBooks" duration-ms="6129" started-at="2021-03-12T09:35:25 IST" finished-at="2021-03-12T09:35:31 IST">
          <reporter-output>
          </reporter-output>
        </test-method> <!-- Get_ListofBooks -->
      </class> <!-- request.Get_Request -->
    </test> <!-- Default test -->
  </suite> <!-- Default suite -->
</testng-results>
